<?xml version="1.0" encoding="UTF-8"?>
<!-- Generated by org.testng.reporters.JUnitReportReporter -->
<testsuite hostname="hdc3-l-2TS4JG3" failures="0" tests="3" name="qa.tests.Testcase0" time="51.576" errors="0" timestamp="2023-11-02T17:24:49 IST" skipped="0">
  <testcase classname="qa.tests.Testcase0" name="sampleMethodForEnteringCredentials" time="13.733"/>
  <system-out/>
  <testcase classname="qa.tests.Testcase0" name="verifySignInButton" time="21.011"/>
  <system-out/>
  <testcase classname="qa.tests.Testcase0" name="loginToApplication" time="16.832"/>
  <system-out/>
</testsuite> <!-- qa.tests.Testcase0 -->
