<?xml version="1.0" encoding="UTF-8"?>
<!-- Generated by org.testng.reporters.JUnitReportReporter -->
<testsuite hostname="hdc3-l-2TS4JG3" failures="0" tests="1" name="qa.tests.Testcase2" time="4.500" errors="0" timestamp="2023-11-11T14:34:14 IST" skipped="0">
  <testcase classname="qa.tests.Testcase2" name="TCP_379_testMethod06" time="4.500"/>
  <system-out/>
</testsuite> <!-- qa.tests.Testcase2 -->
