<?xml version="1.0" encoding="UTF-8"?>
<!-- Generated by org.testng.reporters.JUnitReportReporter -->
<testsuite hostname="hdc3-l-2TS4JG3" failures="0" tests="2" name="qa.tests.Testcase0" time="12.836" errors="0" timestamp="2023-11-11T14:34:14 IST" skipped="0">
  <testcase classname="qa.tests.Testcase0" name="googlePagetest02" time="8.813"/>
  <system-out/>
  <testcase classname="qa.tests.Testcase0" name="googlePagetest01" time="4.023"/>
  <system-out/>
</testsuite> <!-- qa.tests.Testcase0 -->
