<?xml version="1.0" encoding="UTF-8"?>
<!-- Generated by org.testng.reporters.JUnitReportReporter -->
<testsuite hostname="hdc3-l-2TS4JG3" failures="0" tests="2" name="qa.tests.Testcase0" time="13.609" errors="0" timestamp="2023-11-11T15:03:38 IST" skipped="0">
  <testcase classname="qa.tests.Testcase0" name="googlePagetest02" time="4.936"/>
  <system-out/>
  <testcase classname="qa.tests.Testcase0" name="googlePagetest01" time="8.673"/>
  <system-out/>
</testsuite> <!-- qa.tests.Testcase0 -->
